<?xml version="1.0" encoding="UTF-8"?>
<testng-results ignored="0" total="1" passed="1" failed="0" skipped="0">
  <reporter-output>
  </reporter-output>
  <suite started-at="2026-07-18T10:17:58 IST" name="Default suite" finished-at="2026-07-18T10:18:11 IST" duration-ms="13431">
    <groups>
    </groups>
    <test started-at="2026-07-18T10:17:58 IST" name="Default test" finished-at="2026-07-18T10:18:11 IST" duration-ms="13431">
      <class name="MouseOverMoments">
        <test-method signature="mouseover()[pri:0, instance:MouseOverMoments@235834f2]" started-at="2026-07-18T10:17:58 IST" name="mouseover" finished-at="2026-07-18T10:18:11 IST" duration-ms="13392" status="PASS">
          <reporter-output>
          </reporter-output>
        </test-method> <!-- mouseover -->
      </class> <!-- MouseOverMoments -->
    </test> <!-- Default test -->
  </suite> <!-- Default suite -->
</testng-results>
