<?xml version="1.0" encoding="UTF-8"?>
<testng-results ignored="0" total="1" passed="1" failed="0" skipped="0">
  <reporter-output>
  </reporter-output>
  <suite started-at="2026-07-29T09:46:54 IST" name="Default suite" finished-at="2026-07-29T09:47:46 IST" duration-ms="51934">
    <groups>
    </groups>
    <test started-at="2026-07-29T09:46:54 IST" name="Default test" finished-at="2026-07-29T09:47:46 IST" duration-ms="51934">
      <class name="com.Framework.TestCase.LoginOraganHRM">
        <test-method is-config="true" signature="SetUp()[pri:0, instance:com.Framework.TestCase.LoginOraganHRM@448c8166]" started-at="2026-07-29T09:46:53 IST" name="SetUp" finished-at="2026-07-29T09:46:54 IST" duration-ms="721" status="PASS">
          <reporter-output>
          </reporter-output>
        </test-method> <!-- SetUp -->
        <test-method is-config="true" signature="BrowserTest()[pri:0, instance:com.Framework.TestCase.LoginOraganHRM@448c8166]" started-at="2026-07-29T09:46:54 IST" name="BrowserTest" finished-at="2026-07-29T09:47:11 IST" duration-ms="16854" status="PASS">
          <reporter-output>
          </reporter-output>
        </test-method> <!-- BrowserTest -->
        <test-method signature="loginApp()[pri:0, instance:com.Framework.TestCase.LoginOraganHRM@448c8166]" started-at="2026-07-29T09:47:11 IST" name="loginApp" finished-at="2026-07-29T09:47:45 IST" duration-ms="34437" status="PASS">
          <reporter-output>
          </reporter-output>
        </test-method> <!-- loginApp -->
        <test-method is-config="true" signature="tearDownMethod(org.testng.ITestResult)[pri:0, instance:com.Framework.TestCase.LoginOraganHRM@448c8166]" started-at="2026-07-29T09:47:45 IST" name="tearDownMethod" finished-at="2026-07-29T09:47:45 IST" duration-ms="4" status="PASS">
          <params>
            <param index="0">
              <value>
                <![CDATA[[TestResult name=loginApp status=SUCCESS method=LoginOraganHRM.loginApp()[pri:0, instance:com.Framework.TestCase.LoginOraganHRM@448c8166] output={null}]]]>
              </value>
            </param>
          </params>
          <reporter-output>
          </reporter-output>
        </test-method> <!-- tearDownMethod -->
        <test-method is-config="true" signature="tearDown()[pri:0, instance:com.Framework.TestCase.LoginOraganHRM@448c8166]" started-at="2026-07-29T09:47:45 IST" name="tearDown" finished-at="2026-07-29T09:47:46 IST" duration-ms="426" status="PASS">
          <reporter-output>
          </reporter-output>
        </test-method> <!-- tearDown -->
      </class> <!-- com.Framework.TestCase.LoginOraganHRM -->
    </test> <!-- Default test -->
  </suite> <!-- Default suite -->
</testng-results>
