<?xml version="1.0" encoding="UTF-8"?>
<testng-results ignored="0" total="1" passed="1" failed="0" skipped="0">
  <reporter-output>
  </reporter-output>
  <suite started-at="2026-07-28T13:01:55 IST" name="Default suite" finished-at="2026-07-28T13:02:23 IST" duration-ms="28124">
    <groups>
    </groups>
    <test started-at="2026-07-28T13:01:55 IST" name="Default test" finished-at="2026-07-28T13:02:23 IST" duration-ms="28124">
      <class name="com.HollandandBarrettLogin.ExecuteLoginPage">
        <test-method signature="loginTest()[pri:0, instance:com.HollandandBarrettLogin.ExecuteLoginPage@29d80d2b]" started-at="2026-07-28T13:01:55 IST" name="loginTest" finished-at="2026-07-28T13:02:23 IST" duration-ms="27666" status="PASS">
          <reporter-output>
          </reporter-output>
        </test-method> <!-- loginTest -->
      </class> <!-- com.HollandandBarrettLogin.ExecuteLoginPage -->
    </test> <!-- Default test -->
  </suite> <!-- Default suite -->
</testng-results>
