<?xml version="1.0" encoding="UTF-8"?>
<testng-results ignored="0" total="1" passed="1" failed="0" skipped="0">
  <reporter-output>
  </reporter-output>
  <suite started-at="2026-07-28T12:06:10 IST" name="Default suite" finished-at="2026-07-28T12:06:42 IST" duration-ms="31288">
    <groups>
    </groups>
    <test started-at="2026-07-28T12:06:10 IST" name="Default test" finished-at="2026-07-28T12:06:42 IST" duration-ms="31288">
      <class name="com.HollandandBarrettDemo.ScollUpAndDownTest">
        <test-method signature="testScroll()[pri:0, instance:com.HollandandBarrettDemo.ScollUpAndDownTest@6f1de4c7]" started-at="2026-07-28T12:06:10 IST" name="testScroll" finished-at="2026-07-28T12:06:42 IST" duration-ms="31185" status="PASS">
          <reporter-output>
          </reporter-output>
        </test-method> <!-- testScroll -->
      </class> <!-- com.HollandandBarrettDemo.ScollUpAndDownTest -->
    </test> <!-- Default test -->
  </suite> <!-- Default suite -->
</testng-results>
