<?xml version="1.0" encoding="UTF-8"?>
<!-- Generated by org.testng.reporters.JUnitXMLReporter -->
<testsuite ignored="0" hostname="Manu" failures="0" tests="4" name="Default test" time="17.105" errors="0" timestamp="2026-07-15T23:28:30 IST">
  <testcase classname="com.WebDriverCommands.BrowserCommand" name="ChromeBrowserTest" time="6.629"/>
  <testcase classname="com.WebDriverCommands.BrowserCommand" name="EdgeBrowserTest" time="4.132"/>
  <testcase classname="com.WebDriverCommands.BrowserCommand" name="FirefoxBrowserTest" time="6.28"/>
  <testcase classname="com.WebDriverCommands.BrowserCommand" name="abcTest" time="0.002"/>
</testsuite> <!-- Default test -->
