<?xml version="1.0" encoding="UTF-8"?>
<!-- Generated by org.testng.reporters.JUnitReportReporter -->
<testsuite hostname="Manu" failures="0" tests="4" name="com.WebDriverCommands.BrowserCommand" time="17.043" errors="0" timestamp="2026-07-15T23:28:30 IST" skipped="0">
  <testcase classname="com.WebDriverCommands.BrowserCommand" name="EdgeBrowserTest" time="4.132"/>
  <testcase classname="com.WebDriverCommands.BrowserCommand" name="FirefoxBrowserTest" time="6.280"/>
  <testcase classname="com.WebDriverCommands.BrowserCommand" name="ChromeBrowserTest" time="6.629"/>
  <testcase classname="com.WebDriverCommands.BrowserCommand" name="abcTest" time="0.002"/>
</testsuite> <!-- com.WebDriverCommands.BrowserCommand -->
