<?xml version="1.0" encoding="UTF-8"?>
<!-- Generated by org.testng.reporters.JUnitReportReporter -->
<testsuite hostname="Manu" failures="0" tests="3" name="com.WebDriverCommands.BrowserCommands_Checking_Webname" time="11.269" errors="0" timestamp="2026-07-15T23:26:24 IST" skipped="0">
  <testcase classname="com.WebDriverCommands.BrowserCommands_Checking_Webname" name="ChromeBrowserTest" time="3.002"/>
  <testcase classname="com.WebDriverCommands.BrowserCommands_Checking_Webname" name="EdgeBrowserTest" time="2.059"/>
  <testcase classname="com.WebDriverCommands.BrowserCommands_Checking_Webname" name="FirefoxBrowserTest" time="6.208"/>
</testsuite> <!-- com.WebDriverCommands.BrowserCommands_Checking_Webname -->
