<?xml version="1.0" encoding="UTF-8"?>
<testng-results ignored="0" total="4" passed="4" failed="0" skipped="0">
  <reporter-output>
  </reporter-output>
  <suite started-at="2026-07-15T23:28:13 IST" name="Default suite" finished-at="2026-07-15T23:28:30 IST" duration-ms="17105">
    <groups>
    </groups>
    <test started-at="2026-07-15T23:28:13 IST" name="Default test" finished-at="2026-07-15T23:28:30 IST" duration-ms="17105">
      <class name="com.WebDriverCommands.BrowserCommand">
        <test-method signature="ChromeBrowserTest()[pri:0, instance:com.WebDriverCommands.BrowserCommand@2a3b5b47]" started-at="2026-07-15T23:28:13 IST" name="ChromeBrowserTest" finished-at="2026-07-15T23:28:19 IST" duration-ms="6629" status="PASS">
          <reporter-output>
          </reporter-output>
        </test-method> <!-- ChromeBrowserTest -->
        <test-method signature="EdgeBrowserTest()[pri:0, instance:com.WebDriverCommands.BrowserCommand@2a3b5b47]" started-at="2026-07-15T23:28:19 IST" name="EdgeBrowserTest" finished-at="2026-07-15T23:28:23 IST" duration-ms="4132" status="PASS">
          <reporter-output>
          </reporter-output>
        </test-method> <!-- EdgeBrowserTest -->
        <test-method signature="FirefoxBrowserTest()[pri:0, instance:com.WebDriverCommands.BrowserCommand@2a3b5b47]" started-at="2026-07-15T23:28:23 IST" name="FirefoxBrowserTest" finished-at="2026-07-15T23:28:30 IST" duration-ms="6280" status="PASS">
          <reporter-output>
          </reporter-output>
        </test-method> <!-- FirefoxBrowserTest -->
        <test-method signature="abcTest()[pri:0, instance:com.WebDriverCommands.BrowserCommand@2a3b5b47]" started-at="2026-07-15T23:28:30 IST" name="abcTest" finished-at="2026-07-15T23:28:30 IST" duration-ms="2" status="PASS">
          <reporter-output>
          </reporter-output>
        </test-method> <!-- abcTest -->
      </class> <!-- com.WebDriverCommands.BrowserCommand -->
    </test> <!-- Default test -->
  </suite> <!-- Default suite -->
</testng-results>
